android/app/build/outputs/mapping/debug/seeds.txt
com.calendarevents.R$bool: int abc_action_bar_embed_tabs
com.calendarevents.R$bool: int abc_allow_stacked_button_bar
com.calendarevents.R$bool: int abc_config_actionMenuItemAllCaps
com.calendarevents.R$color: int abc_background_cache_hint_selector_material_dark
com.calendarevents.R$color: int abc_background_cache_hint_selector_material_light
com.calendarevents.R$color: int abc_btn_colored_borderless_text_material
com.calendarevents.R$color: int abc_btn_colored_text_material
com.calendarevents.R$color: int abc_color_highlight_material
com.calendarevents.R$color: int abc_hint_foreground_material_dark
com.calendarevents.R$color: int abc_hint_foreground_material_light
com.calendarevents.R$color: int abc_input_method_navigation_guard
com.calendarevents.R$color: int abc_primary_text_disable_only_material_dark
com.calendarevents.R$color: int abc_primary_text_disable_only_material_light
com.calendarevents.R$color: int abc_primary_text_material_dark
com.calendarevents.R$color: int abc_primary_text_material_light
com.calendarevents.R$color: int abc_search_url_text
com.calendarevents.R$color: int abc_search_url_text_normal
com.calendarevents.R$color: int abc_search_url_text_pressed
com.calendarevents.R$color: int abc_search_url_text_selected
com.calendarevents.R$color: int abc_secondary_text_material_dark
com.calendarevents.R$color: int abc_secondary_text_material_light
com.calendarevents.R$color: int abc_tint_btn_checkable
com.calendarevents.R$color: int abc_tint_default
com.calendarevents.R$color: int abc_tint_edittext
com.calendarevents.R$color: int abc_tint_seek_thumb
com.calendarevents.R$color: int abc_tint_spinner
com.calendarevents.R$dimen: int abc_action_bar_content_inset_material
com.calendarevents.R$dimen: int abc_action_bar_content_inset_with_nav
com.calendarevents.R$dimen: int abc_action_bar_default_height_material
com.calendarevents.R$dimen: int abc_action_bar_default_padding_end_material
com.calendarevents.R$dimen: int abc_action_bar_default_padding_start_material
com.calendarevents.R$dimen: int abc_action_bar_elevation_material
com.calendarevents.R$dimen: int abc_action_bar_icon_vertical_padding_material
com.calendarevents.R$dimen: int abc_action_bar_overflow_padding_end_material
com.calendarevents.R$dimen: int abc_action_bar_overflow_padding_start_material
com.calendarevents.R$dimen: int abc_action_bar_stacked_max_height
com.calendarevents.R$dimen: int abc_action_bar_stacked_tab_max_width
com.calendarevents.R$dimen: int abc_action_bar_subtitle_bottom_margin_material
com.calendarevents.R$dimen: int abc_action_bar_subtitle_top_margin_material
com.calendarevents.R$dimen: int abc_action_button_min_height_material
com.calendarevents.R$dimen: int abc_action_button_min_width_material
com.calendarevents.R$dimen: int abc_action_button_min_width_overflow_material
com.calendarevents.R$dimen: int abc_alert_dialog_button_bar_height
com.calendarevents.R$dimen: int abc_alert_dialog_button_dimen
com.calendarevents.R$dimen: int abc_button_inset_horizontal_material
com.calendarevents.R$dimen: int abc_button_inset_vertical_material