android/app/build/outputs/mapping/debug/usage.txt
com.google.android.gms.auth.GoogleAuthUtil:
    public static final java.lang.String GOOGLE_ACCOUNT_TYPE
    public static final java.lang.String WORK_ACCOUNT_TYPE
    public static final java.lang.String KEY_SUPPRESS_PROGRESS_SCREEN
    public static final int CHANGE_TYPE_ACCOUNT_ADDED
    public static final int CHANGE_TYPE_ACCOUNT_REMOVED
    public static final int CHANGE_TYPE_ACCOUNT_RENAMED_FROM
    public static final int CHANGE_TYPE_ACCOUNT_RENAMED_TO
    public static java.lang.String getTokenWithNotification(android.content.Context,java.lang.String,java.lang.String,android.os.Bundle)
    public static java.lang.String getTokenWithNotification(android.content.Context,java.lang.String,java.lang.String,android.os.Bundle,android.content.Intent)
    public static java.lang.String getTokenWithNotification(android.content.Context,java.lang.String,java.lang.String,android.os.Bundle,java.lang.String,android.os.Bundle)
    public static java.lang.String getTokenWithNotification(android.content.Context,android.accounts.Account,java.lang.String,android.os.Bundle)
    public static java.lang.String getTokenWithNotification(android.content.Context,android.accounts.Account,java.lang.String,android.os.Bundle,android.content.Intent)
    public static java.lang.String getTokenWithNotification(android.content.Context,android.accounts.Account,java.lang.String,android.os.Bundle,java.lang.String,android.os.Bundle)
com.google.android.gms.auth.GooglePlayServicesAvailabilityException:
    public int getConnectionStatusCode()
com.google.android.gms.auth.R
com.google.android.gms.auth.UserRecoverableAuthException:
    public android.content.Intent getIntent()
com.google.android.gms.auth.UserRecoverableNotifiedException
com.google.android.gms.auth.account.WorkAccount
com.google.android.gms.auth.account.WorkAccountApi
com.google.android.gms.auth.account.WorkAccountApi$AddAccountResult
com.google.android.gms.auth.account.WorkAccountClient
com.google.android.gms.auth.account.zzd
com.google.android.gms.auth.account.zze
com.google.android.gms.auth.account.zzf
com.google.android.gms.auth.account.zzg
com.google.android.gms.auth.account.zzh
com.google.android.gms.auth.account.zzi
com.google.android.gms.auth.account.zzj
com.google.android.gms.auth.api.Auth:
    private Auth()
com.google.android.gms.auth.api.Auth$AuthCredentialsOptions:
    public final com.google.android.gms.auth.api.credentials.PasswordSpecification zzg()
com.google.android.gms.auth.api.Auth$AuthCredentialsOptions$Builder:
    public com.google.android.gms.auth.api.Auth$AuthCredentialsOptions$Builder forceEnableSaveDialog()
com.google.android.gms.auth.api.R
com.google.android.gms.auth.api.R$attr
com.google.android.gms.auth.api.R$color
com.google.android.gms.auth.api.R$drawable
com.google.android.gms.auth.api.R$id
com.google.android.gms.auth.api.R$integer
com.google.android.gms.auth.api.R$string
com.google.android.gms.auth.api.R$styleable
com.google.android.gms.auth.api.accounttransfer.AccountTransfer
com.google.android.gms.auth.api.accounttransfer.AccountTransferClient
com.google.android.gms.auth.api.accounttransfer.AccountTransferClient$zzd
com.google.android.gms.auth.api.accounttransfer.AccountTransferClient$zze
com.google.android.gms.auth.api.accounttransfer.AccountTransferClient$zzf
com.google.android.gms.auth.api.accounttransfer.AccountTransferException
com.google.android.gms.auth.api.accounttransfer.AccountTransferStatusCodes
com.google.android.gms.auth.api.accounttransfer.AuthenticatorTransferCompletionStatus
com.google.android.gms.auth.api.accounttransfer.DeviceMetaData
com.google.android.gms.auth.api.accounttransfer.zzd
com.google.android.gms.auth.api.accounttransfer.zze
com.google.android.gms.auth.api.accounttransfer.zzf
com.google.android.gms.auth.api.accounttransfer.zzg
com.google.android.gms.auth.api.accounttransfer.zzh
com.google.android.gms.auth.api.accounttransfer.zzi
com.google.android.gms.auth.api.accounttransfer.zzj
com.google.android.gms.auth.api.accounttransfer.zzk